Microsoft HTML Help Compiler 4.74.8702

Compiling i:\机器学习与深度学习\(Part One)深度学习基础\课件.CHM

1.1 课程介绍 & 机器学习介绍.html
1.2 深度学习(Deep Learning)介绍.html
1.2 深度学习(Deep Learning)介绍_files\1-BOngaxvWRFHm3O2yo3YPhA.jpeg
1.2 深度学习(Deep Learning)介绍_files\1-RbQSv8m3SjBsWBniYdgwQQ.jpeg
1.2 深度学习(Deep Learning)介绍_files\1-sIKCN5ddB0BP55WxlYqtYg.jpeg
1.2 深度学习(Deep Learning)介绍_files\DeepNetwork.png
1.2 深度学习(Deep Learning)介绍_files\images [1].jpg
1.2 深度学习(Deep Learning)介绍_files\images.jpg
1.2 深度学习(Deep Learning)介绍_files\imgres [1].jpg
1.2 深度学习(Deep Learning)介绍_files\imgres [2].jpg
1.2 深度学习(Deep Learning)介绍_files\imgres [3].jpg
1.2 深度学习(Deep Learning)介绍_files\imgres [4].jpg
1.2 深度学习(Deep Learning)介绍_files\imgres [5].jpg
1.2 深度学习(Deep Learning)介绍_files\imgres [6].jpg
1.2 深度学习(Deep Learning)介绍_files\imgres.jpg
1.2 深度学习(Deep Learning)介绍_files\science-journal.gif
2 基本概念 (Basic Concepts).html
3.1 决策树(decision tree)算法.html
3.1 决策树(decision tree)算法_files\c2cec3fdfc0392456a6ac4258694a4c27d1e2538.jpg
3.1 决策树(decision tree)算法_files\Image [1].png
3.1 决策树(decision tree)算法_files\Image [2].png
3.1 决策树(decision tree)算法_files\Image [3].png
3.1 决策树(decision tree)算法_files\Image [4].png
3.1 决策树(decision tree)算法_files\Image [5].png
3.1 决策树(decision tree)算法_files\Image [6].png
3.1 决策树(decision tree)算法_files\Image [7].png
3.1 决策树(decision tree)算法_files\Image [8].png
3.1 决策树(decision tree)算法_files\Image.png
3.2 决策树(decision tree)应用.html
3.2 决策树(decision tree)应用_files\Image.png
4.1 最邻近规则分类(K-Nearest Neighbor)KNN算法.html
4.1 最邻近规则分类(K-Nearest Neighbor)KNN算法_files\Image [1].png
4.1 最邻近规则分类(K-Nearest Neighbor)KNN算法_files\Image [2].png
4.1 最邻近规则分类(K-Nearest Neighbor)KNN算法_files\Image [3].png
4.1 最邻近规则分类(K-Nearest Neighbor)KNN算法_files\Image [4].png
4.1 最邻近规则分类(K-Nearest Neighbor)KNN算法_files\Image.png
4.1 最邻近规则分类(K-Nearest Neighbor)KNN算法_files\images.jpg
4.1 最邻近规则分类(K-Nearest Neighbor)KNN算法_files\imgres.png
4.2 最邻近规则分类(K-Nearest Neighbor)KNN算法应用.html
4.2 最邻近规则分类(K-Nearest Neighbor)KNN算法应用_files\kahi2.jpg
4.2 最邻近规则分类(K-Nearest Neighbor)KNN算法应用_files\Virginia_Iris.png
5.1 支持向量机(SVM)算法（上）.html
5.1 支持向量机(SVM)算法（上）_files\220px-Svm_separating_hyperplanes_(SVG).svg.png
5.1 支持向量机(SVM)算法（上）_files\Image [1].png
5.1 支持向量机(SVM)算法（上）_files\Image [10].png
5.1 支持向量机(SVM)算法（上）_files\Image [11].png
5.1 支持向量机(SVM)算法（上）_files\Image [12].png
5.1 支持向量机(SVM)算法（上）_files\Image [13].png
5.1 支持向量机(SVM)算法（上）_files\Image [14].png
5.1 支持向量机(SVM)算法（上）_files\Image [15].png
5.1 支持向量机(SVM)算法（上）_files\Image [2].png
5.1 支持向量机(SVM)算法（上）_files\Image [3].png
5.1 支持向量机(SVM)算法（上）_files\Image [4].png
5.1 支持向量机(SVM)算法（上）_files\Image [5].png
5.1 支持向量机(SVM)算法（上）_files\Image [6].png
5.1 支持向量机(SVM)算法（上）_files\Image [7].png
5.1 支持向量机(SVM)算法（上）_files\Image [8].png
5.1 支持向量机(SVM)算法（上）_files\Image [9].png
5.1 支持向量机(SVM)算法（上）_files\Image.png
5.1 支持向量机(SVM)算法（上）_files\images [1].jpg
5.1 支持向量机(SVM)算法（上）_files\images.jpg
5.1 支持向量机(SVM)算法（上）应用.html
5.2 支持向量机(SVM)算法（下）.html
5.2 支持向量机(SVM)算法（下）_files\Image [1].png
5.2 支持向量机(SVM)算法（下）_files\Image [10].png
5.2 支持向量机(SVM)算法（下）_files\Image [11].png
5.2 支持向量机(SVM)算法（下）_files\Image [12].png
5.2 支持向量机(SVM)算法（下）_files\Image [2].png
5.2 支持向量机(SVM)算法（下）_files\Image [3].png
5.2 支持向量机(SVM)算法（下）_files\Image [4].png
5.2 支持向量机(SVM)算法（下）_files\Image [5].png
5.2 支持向量机(SVM)算法（下）_files\Image [6].png
5.2 支持向量机(SVM)算法（下）_files\Image [7].png
5.2 支持向量机(SVM)算法（下）_files\Image [8].png
5.2 支持向量机(SVM)算法（下）_files\Image [9].png
5.2 支持向量机(SVM)算法（下）_files\Image.png
5.2 支持向量机(SVM)算法（下）_files\main-qimg-b88037063b9a4cae241ee6b0ab841356.png
5.2 支持向量机(SVM)算法（下）_files\main-qimg-de8f2ca9c807ee184e2509639fce066d.jpg
5.2 支持向量机(SVM)算法（下）_files\main-qimg-dff9507297a2320460ff4d9cd5825683.png
5.3 支持向量机(SVM)算法（下）应用.html
6.1 神经网络算法(Nerual Networks)（上）.html
6.1 神经网络算法(Nerual Networks)（上）_files\cross_validation.jpg
6.1 神经网络算法(Nerual Networks)（上）_files\Image [1].png
6.1 神经网络算法(Nerual Networks)（上）_files\Image [10].png
6.1 神经网络算法(Nerual Networks)（上）_files\Image [11].png
6.1 神经网络算法(Nerual Networks)（上）_files\Image [12].png
6.1 神经网络算法(Nerual Networks)（上）_files\Image [13].png
6.1 神经网络算法(Nerual Networks)（上）_files\Image [14].png
6.1 神经网络算法(Nerual Networks)（上）_files\Image [2].png
6.1 神经网络算法(Nerual Networks)（上）_files\Image [3].png
6.1 神经网络算法(Nerual Networks)（上）_files\Image [4].png
6.1 神经网络算法(Nerual Networks)（上）_files\Image [5].png
6.1 神经网络算法(Nerual Networks)（上）_files\Image [6].png
6.1 神经网络算法(Nerual Networks)（上）_files\Image [7].png
6.1 神经网络算法(Nerual Networks)（上）_files\Image [8].png
6.1 神经网络算法(Nerual Networks)（上）_files\Image [9].png
6.1 神经网络算法(Nerual Networks)（上）_files\Image.png
6.2 神经网络算法(Nerual Networks)应用(上）.html
6.3 神经网络算法(Nerual Networks)应用(下）.html
7.1 简单线性回归 (Simple Linear Regression)上.html
7.1 简单线性回归 (Simple Linear Regression)上_files\Image [1].png
7.1 简单线性回归 (Simple Linear Regression)上_files\Image [2].png
7.1 简单线性回归 (Simple Linear Regression)上_files\Image [3].png
7.1 简单线性回归 (Simple Linear Regression)上_files\Image [4].png
7.1 简单线性回归 (Simple Linear Regression)上_files\Image [5].png
7.1 简单线性回归 (Simple Linear Regression)上_files\Image [6].png
7.1 简单线性回归 (Simple Linear Regression)上_files\Image [7].png
7.1 简单线性回归 (Simple Linear Regression)上_files\Image.png
7.1 简单线性回归 (Simple Linear Regression)下.html
7.1 简单线性回归 (Simple Linear Regression)下_files\Image [1].png
7.1 简单线性回归 (Simple Linear Regression)下_files\Image [2].png
7.1 简单线性回归 (Simple Linear Regression)下_files\Image [3].png
7.1 简单线性回归 (Simple Linear Regression)下_files\Image [4].png
7.1 简单线性回归 (Simple Linear Regression)下_files\Image [5].png
7.1 简单线性回归 (Simple Linear Regression)下_files\Image [6].png
7.1 简单线性回归 (Simple Linear Regression)下_files\Image.png
7.3　多元回归分析(multiple regression).html
7.3　多元回归分析(multiple regression)_files\Image [1].png
7.3　多元回归分析(multiple regression)_files\Image.png
7.4　多元回归分析(multiple regression)应用.html
7.5 非线性回归 logistic regression.html
7.5 非线性回归 logistic regression_files\001QAImHgy6I1oEKVWg50&690.jpg
7.5 非线性回归 logistic regression_files\001QAImHgy6I1oGTmnA36&690.jpg
7.5 非线性回归 logistic regression_files\001QAImHgy6I1ohlalO18&690.jpg
7.5 非线性回归 logistic regression_files\001QAImHgy6I1oi9u8Kae&690.jpg
7.5 非线性回归 logistic regression_files\001QAImHgy6I1ojfTjYaa&690.jpg
7.5 非线性回归 logistic regression_files\001QAImHgy6I1oJm3Qz27&690.jpg
7.5 非线性回归 logistic regression_files\001QAImHgy6I1ok9Brb61&690.jpg
7.5 非线性回归 logistic regression_files\001QAImHgy6I1olbW3yfc&690.jpg
7.5 非线性回归 logistic regression_files\001QAImHgy6I1omK5aoc8&690.jpg
7.5 非线性回归 logistic regression_files\001QAImHgy6I1osqQ7lc7&690.jpg
7.5 非线性回归 logistic regression_files\001QAImHgy6I1otAWE890&690.jpg
7.5 非线性回归 logistic regression_files\001QAImHgy6I1oudixl13&690.jpg
7.5 非线性回归 logistic regression_files\001QAImHgy6I1owps7Ud2&690.jpg
7.5 非线性回归 logistic regression_files\8694e4193ba45b55403595096b7d23c5.png
7.5 非线性回归 logistic regression_files\Image [1].png
7.5 非线性回归 logistic regression_files\Image.png
7.5 非线性回归 logistic regression_files\imgres [1].jpg
7.5 非线性回归 logistic regression_files\imgres.jpg
7.6 非线性回归应用：losgistic regression application.html
7.7 回归中的相关度和R平方值.html
7.7 回归中的相关度和R平方值_files\cb8065380cd7912374922436af345982b2b78006.png
7.7 回归中的相关度和R平方值_files\Image.png
7.7 回归中的相关度和R平方值_files\imgf000045_0001.png
7.7 回归中的相关度和R平方值_files\imgres [1].jpg
7.7 回归中的相关度和R平方值_files\imgres [1].png
7.7 回归中的相关度和R平方值_files\imgres.jpg
7.7 回归中的相关度和R平方值_files\imgres.png
7.8 回归中的相关度和R平方值应用.html
8.1 聚类(Clustering) K-means算法.html
8.1 聚类(Clustering) K-means算法_files\Image [1].png
8.1 聚类(Clustering) K-means算法_files\Image [10].png
8.1 聚类(Clustering) K-means算法_files\Image [11].png
8.1 聚类(Clustering) K-means算法_files\Image [12].png
8.1 聚类(Clustering) K-means算法_files\Image [13].png
8.1 聚类(Clustering) K-means算法_files\Image [2].png
8.1 聚类(Clustering) K-means算法_files\Image [3].png
8.1 聚类(Clustering) K-means算法_files\Image [4].png
8.1 聚类(Clustering) K-means算法_files\Image [5].png
8.1 聚类(Clustering) K-means算法_files\Image [6].png
8.1 聚类(Clustering) K-means算法_files\Image [7].png
8.1 聚类(Clustering) K-means算法_files\Image [8].png
8.1 聚类(Clustering) K-means算法_files\Image [9].png
8.1 聚类(Clustering) K-means算法_files\Image.png
8.1 聚类(Clustering) K-means算法_files\imgres [1].jpg
8.1 聚类(Clustering) K-means算法_files\imgres.jpg
8.2 聚类(Clustering) K-means算法应用.html
8.3 聚类(Clustering) hierarchical clustering 层次聚类.html
8.3 聚类(Clustering) hierarchical clustering 层次聚类_files\810a19d8bc3eb1351e89fd05a41ea8d3fc1f44c5.png
8.4 聚类(Clustering) hierarchical clustering 层次聚类应用.html
810a19d8bc3eb1351e89fd05a41ea8d3fc1f44c5.jpg
HierachecalClustering.png
TOC-Created-By-Easy-CHM.HHC
Index-Created-By-Easy-CHM.HHK

Compile time: 0 minutes, 3 seconds
28	Topics
104	Local links
7	Internet links
0	Graphics


Created i:\机器学习与深度学习\(Part One)深度学习基础\课件.CHM, 3,287,127 bytes
Compression decreased file by 281,979 bytes.
